#
# A fatal error has been detected by the Java Runtime Environment:
#
#  EXCEPTION_ACCESS_VIOLATION (0xc0000005) at pc=0x00007ffe46b61c41, pid=9532, tid=5856
#
# JRE version:  (11.0.12+7) (build )
# Java VM: OpenJDK 64-Bit Server VM (11.0.12+7-LTS, mixed mode, sharing, tiered, unknown gc, windows-amd64)
# Problematic frame:
# C  [jimage.dll+0x1c41]
#
# No core dump will be written. Minidumps are not enabled by default on client versions of Windows
#
#

---------------  S U M M A R Y ------------

Command Line: 

Host: Intel(R) Core(TM) i5-7500 CPU @ 3.40GHz, 4 cores, 15G,  Windows 10 , 64 bit Build 17763 (10.0.17763.2145)
Time: Mon Oct  4 16:08:01 2021 Central European Daylight Time elapsed time: 0.083622 seconds (0d 0h 0m 0s)

---------------  T H R E A D  ---------------

Current thread is native thread

Stack: [0x00000003e1200000,0x00000003e1300000],  sp=0x00000003e12fd380,  free space=1012k
Native frames: (J=compiled Java code, j=interpreted, Vv=VM code, C=native code)
C  [jimage.dll+0x1c41]


siginfo: EXCEPTION_ACCESS_VIOLATION (0xc0000005), reading address 0x00000000000040ac


Registers:
RAX=0x0000000000001024, RBX=0x00000003e12fd471, RCX=0x00007ffe46b66000, RDX=0x0000000000001024
RSP=0x00000003e12fd380, RBP=0x00000003e12fd470, RSI=0x00000000000084ba, RDI=0x00000003e12fd470
R8 =0x00007ffe46b64278, R9 =0x000000000000001c, R10=0x00007ffe19185300, R11=0x00007ffe46b66000
R12=0x00000003e12ffb10, R13=0x0000015ecf4e6a00, R14=0x00000003e12fe4e0, R15=0x00007ffe19185338
RIP=0x00007ffe46b61c41, EFLAGS=0x0000000000010246

Top of Stack: (sp=0x00000003e12fd380)
0x00000003e12fd380:   0000000000000000 0000000000000000
0x00000003e12fd390:   0000000000000000 0000000000000000
0x00000003e12fd3a0:   0000015ecf4f6db0 00007ffe46b61dcf
0x00000003e12fd3b0:   000000000000000b 0000015ecf4f6db0
0x00000003e12fd3c0:   0000000000020000 00000003e12fd3f0
0x00000003e12fd3d0:   00000003e12fd3f0 00000003e12fd3f0
0x00000003e12fd3e0:   0000000000000002 0000000000000002
0x00000003e12fd3f0:   00001c3d0ebf0000 00001c3d0ebf8c8c
0x00000003e12fd400:   0000000000000000 0000000000000000
0x00000003e12fd410:   000049413b295a6f 0000000000000000
0x00000003e12fd420:   00007ffe191621e8 0000000000000017
0x00000003e12fd430:   0000015ecf4f6db0 00000003e12fe4e0
0x00000003e12fd440:   000000000000000b 00007ffe46b626ad
0x00000003e12fd450:   0000000100000000 00007ffe46b60000
0x00000003e12fd460:   00000003e12fd570 00007ffe00000008
0x00000003e12fd470:   61622e6176616a2f 692f6b646a2f6573 

Instructions: (pc=0x00007ffe46b61c41)
0x00007ffe46b61b41:   48 85 c9 74 1d 80 3d c3 44 00 00 00 74 06 48 8b
0x00007ffe46b61b51:   53 18 eb 04 48 8b 53 40 e8 ae 0e 00 00 48 83 63
0x00007ffe46b61b61:   48 00 8b 4b 0c 83 f9 ff 74 09 e8 e4 0c 00 00 83
0x00007ffe46b61b71:   4b 0c ff 48 8b 4b 70 48 85 c9 74 0f ba 10 00 00
0x00007ffe46b61b81:   00 e8 fd 0e 00 00 48 83 63 70 00 48 83 c4 20 5b
0x00007ffe46b61b91:   c3 cc cc 40 53 48 83 ec 20 48 8b d9 48 8d 0d 7c
0x00007ffe46b61ba1:   46 00 00 e8 b3 0c 00 00 83 6b 08 01 75 24 48 8b
0x00007ffe46b61bb1:   d3 48 8d 0d 5f 44 00 00 e8 22 08 00 00 48 8b cb
0x00007ffe46b61bc1:   e8 82 fe ff ff ba 78 00 00 00 48 8b cb e8 b1 0e
0x00007ffe46b61bd1:   00 00 48 8d 0d 46 46 00 00 48 83 c4 20 5b e9 80
0x00007ffe46b61be1:   0c 00 00 48 89 5c 24 08 48 89 74 24 10 57 48 83
0x00007ffe46b61bf1:   ec 20 41 8b f1 4d 8b c8 48 8b fa 4c 8b d9 4d 85
0x00007ffe46b61c01:   c0 74 78 85 f6 74 74 44 8a 12 48 8d 5a 01 48 8b
0x00007ffe46b61c11:   d3 b8 93 01 00 01 eb 12 69 c0 93 01 00 01 41 0f
0x00007ffe46b61c21:   b6 ca 44 8a 12 33 c1 48 ff c2 45 84 d2 75 e9 4d
0x00007ffe46b61c31:   8b 03 0f ba f0 1f 33 d2 49 8b cb f7 f6 48 63 c2
0x00007ffe46b61c41:   41 8b 14 81 41 ff 50 08 85 c0 7e 24 8a 0f eb 10
0x00007ffe46b61c51:   69 c0 93 01 00 01 0f b6 c9 33 c1 8a 0b 48 ff c3
0x00007ffe46b61c61:   84 c9 75 ec 0f ba f0 1f 33 d2 f7 f6 8b c2 eb 0e
0x00007ffe46b61c71:   79 09 83 c9 ff 2b c8 8b c1 eb 03 83 c8 ff 48 8b
0x00007ffe46b61c81:   5c 24 30 48 8b 74 24 38 48 83 c4 20 5f c3 cc 48
0x00007ffe46b61c91:   89 5c 24 08 48 89 74 24 10 57 48 83 ec 20 48 8b
0x00007ffe46b61ca1:   f1 48 8d 0d 77 45 00 00 e8 ae 0b 00 00 33 ff 39
0x00007ffe46b61cb1:   3d 62 43 00 00 76 24 48 8b 05 61 43 00 00 48 8b
0x00007ffe46b61cc1:   d6 48 8b 1c f8 48 8b 0b e8 32 1f 00 00 85 c0 74
0x00007ffe46b61cd1:   2b ff c7 3b 3d 3e 43 00 00 72 dc 33 db 48 8d 0d
0x00007ffe46b61ce1:   3b 45 00 00 e8 7a 0b 00 00 48 8b 74 24 38 48 8b
0x00007ffe46b61cf1:   c3 48 8b 5c 24 30 48 83 c4 20 5f c3 ff 43 08 eb
0x00007ffe46b61d01:   dc cc cc 48 89 5c 24 08 48 89 74 24 10 57 48 83
0x00007ffe46b61d11:   ec 20 48 8b d9 48 8b f2 48 8b 49 10 49 8b f8 8b
0x00007ffe46b61d21:   53 30 48 8b 01 ff 50 20 4c 8b 43 50 48 8b d6 48
0x00007ffe46b61d31:   8b 4b 10 44 8b c8 e8 a8 fe ff ff 83 f8 ff 74 38 



---------------  P R O C E S S  ---------------

VM state:not at safepoint (not fully initialized)

VM Mutex/Monitor currently owned by a thread: None


Dynamic libraries:
0x00007ff7e63d0000 - 0x00007ff7e63dd000 	J:\.jdks\corretto-11.0.12\bin\java.exe
0x00007ffe5dd40000 - 0x00007ffe5df2d000 	C:\Windows\SYSTEM32\ntdll.dll
0x00007ffe5c880000 - 0x00007ffe5c934000 	C:\Windows\System32\KERNEL32.DLL
0x00007ffe5a820000 - 0x00007ffe5aab5000 	C:\Windows\System32\KERNELBASE.dll
0x00007ffe5adc0000 - 0x00007ffe5aeba000 	C:\Windows\System32\ucrtbase.dll
0x00007ffe48920000 - 0x00007ffe48937000 	J:\.jdks\corretto-11.0.12\bin\jli.dll
0x00007ffe479a0000 - 0x00007ffe479b9000 	J:\.jdks\corretto-11.0.12\bin\VCRUNTIME140.dll
0x00007ffe5d110000 - 0x00007ffe5d2a8000 	C:\Windows\System32\USER32.dll
0x00007ffe5a800000 - 0x00007ffe5a820000 	C:\Windows\System32\win32u.dll
0x00007ffe5c940000 - 0x00007ffe5c969000 	C:\Windows\System32\GDI32.dll
0x00007ffe3c770000 - 0x00007ffe3c9e9000 	C:\Windows\WinSxS\amd64_microsoft.windows.common-controls_6595b64144ccf1df_6.0.17763.2183_none_de75a23453475286\COMCTL32.dll
0x00007ffe5a660000 - 0x00007ffe5a7fc000 	C:\Windows\System32\gdi32full.dll
0x00007ffe5aac0000 - 0x00007ffe5ab60000 	C:\Windows\System32\msvcp_win.dll
0x00007ffe5dc70000 - 0x00007ffe5dd0e000 	C:\Windows\System32\msvcrt.dll
0x00007ffe5d6c0000 - 0x00007ffe5d9ed000 	C:\Windows\System32\combase.dll
0x00007ffe5b0a0000 - 0x00007ffe5b1bf000 	C:\Windows\System32\RPCRT4.dll
0x00007ffe59e00000 - 0x00007ffe59e82000 	C:\Windows\System32\bcryptPrimitives.dll
0x00007ffe5d9f0000 - 0x00007ffe5da1e000 	C:\Windows\System32\IMM32.DLL
0x00007ffe41c70000 - 0x00007ffe41d0b000 	J:\.jdks\corretto-11.0.12\bin\msvcp140.dll
0x00007ffe18910000 - 0x00007ffe1946a000 	J:\.jdks\corretto-11.0.12\bin\server\jvm.dll
0x00007ffe5d4e0000 - 0x00007ffe5d584000 	C:\Windows\System32\ADVAPI32.dll
0x00007ffe5d430000 - 0x00007ffe5d4ce000 	C:\Windows\System32\sechost.dll
0x00007ffe5d420000 - 0x00007ffe5d428000 	C:\Windows\System32\PSAPI.DLL
0x00007ffe3ccd0000 - 0x00007ffe3ccd9000 	C:\Windows\SYSTEM32\WSOCK32.dll
0x00007ffe5d0a0000 - 0x00007ffe5d10d000 	C:\Windows\System32\WS2_32.dll
0x00007ffe56ad0000 - 0x00007ffe56af4000 	C:\Windows\SYSTEM32\WINMM.dll
0x00007ffe4d540000 - 0x00007ffe4d54a000 	C:\Windows\SYSTEM32\VERSION.dll
0x00007ffe56aa0000 - 0x00007ffe56acd000 	C:\Windows\SYSTEM32\winmmbase.dll
0x00007ffe5a610000 - 0x00007ffe5a65a000 	C:\Windows\System32\cfgmgr32.dll
0x00007ffe59de0000 - 0x00007ffe59df1000 	C:\Windows\System32\kernel.appcore.dll
0x00007ffe48910000 - 0x00007ffe48920000 	J:\.jdks\corretto-11.0.12\bin\verify.dll
0x00007ffe4bf20000 - 0x00007ffe4c10d000 	C:\Windows\SYSTEM32\DBGHELP.DLL
0x00007ffe4bef0000 - 0x00007ffe4bf1a000 	C:\Windows\SYSTEM32\dbgcore.DLL
0x00007ffe44a00000 - 0x00007ffe44a28000 	J:\.jdks\corretto-11.0.12\bin\java.dll
0x00007ffe46b60000 - 0x00007ffe46b6a000 	J:\.jdks\corretto-11.0.12\bin\jimage.dll

dbghelp: loaded successfully - version: 4.0.5 - missing functions: none
symbol engine: initialized successfully - sym options: 0x614 - pdb path: .;J:\.jdks\corretto-11.0.12\bin;C:\Windows\SYSTEM32;C:\Windows\WinSxS\amd64_microsoft.windows.common-controls_6595b64144ccf1df_6.0.17763.2183_none_de75a23453475286;J:\.jdks\corretto-11.0.12\bin\server

VM Arguments:
java_command: <unknown>
java_class_path (initial): <not set>
Launcher Type: SUN_STANDARD

[Global flags]
     bool UseLargePagesIndividualAllocation        = false                                  {pd product} {ergonomic}

Logging:
Log output configuration:
 #0: stdout all=warning uptime,level,tags
 #1: stderr all=off uptime,level,tags

Environment Variables:
JAVA_HOME=c:\software\jdk
JRE_HOME=c:\software\jre
_JAVA_OPTIONS=-Duser.home=J:\ 
PATH=c:\software\openssl\bin;C:\Program Files\Haskell\bin;c:\software\haskell\lib\extralibs\bin;c:\software\haskell\bin;c:\software\julia\bin;c:\software\python3\Scripts;c:\software\python3;c:\software\ruby\bin;c:\software\gnuplot\bin;c:\software\imagemagick;c:\software\gs\bin;c:\windows\bin\sysinternals;c:\windows\bin;c:\software\putty;C:\Program Files\7-Zip;C:\Windows\system32;C:\Windows;C:\Windows\System32\Wbem;C:\Windows\System32\WindowsPowerShell\v1.0\;C:\Windows\System32\OpenSSH\;c:\software\jre\bin;C:\Program Files\google\chrome\application;c:\software\thunderbird;c:\software\firefox;c:\Program Files\dotnet\;c:\Program Files\Microsoft SQL Server\Client SDK\ODBC\170\Tools\Binn\;c:\software\latex\bin\win32;c:\software\jdk\bin;C:\software\scala\bin;c:\software\gsview\gsview;c:\software\php;c:\software\rabbitmq\sbin;C:\software\nodejs\;c:\software\msys\usr\bin;c:\software\msys\mingw64\bin;c:\software\cmake\bin;c:\software\ant\bin;c:\software\maven\bin;c:\software\gradle\bin;c:\software\orca;c:\software\emacs\bin;c:\software\gp;c:\software\vim;C:\Program Files (x86)\Windows Live\Shared;c:\software\llvm\bin;c:\software\android_sdk\tools;c:\software\android_sdk\platform-tools;c:\software\qt\5.15.2\mingw81_64\bin;%DDCPATH64%;c:\software\opencv\bin;C:\Program Files\Microsoft SQL Server\130\DTS\Binn\;C:\Program Files (x86)\Microsoft SQL Server\130\Tools\Binn\;C:\Program Files\Microsoft SQL Server\130\Tools\Binn\;C:\Program Files\Calibre2\;C:\Program Files (x86)\Microsoft SQL Server\140\DTS\Binn\;C:\Program Files\TortoiseGit\bin;C:\software\hg\;c:\software\hg\lib;c:\software\notepad++;C:\Program Files (x86)\dotnet\;c:\software\adobe\reader\reader;c:\software\git\cmd;c:\software\GnuPG\bin;c:\software\gpg\bin;C:\Program Files\PowerShell\7\
USERNAME=s464903
OS=Windows_NT
PROCESSOR_IDENTIFIER=Intel64 Family 6 Model 158 Stepping 9, GenuineIntel



---------------  S Y S T E M  ---------------

OS: Windows 10 , 64 bit Build 17763 (10.0.17763.2145)
OS uptime: 0 days 0:35 hours

CPU:total 4 (initial active 0) 

Memory: 4k page, system-wide physical 16091M (11565M free)
TotalPageFile size 18523M (AvailPageFile size 14647M)
current process WorkingSet (physical memory assigned to process): 7M, peak: 7M
current process commit charge ("private bytes"): 3M, peak: 3M

vm_info: OpenJDK 64-Bit Server VM (11.0.12+7-LTS) for windows-amd64 JRE (11.0.12+7-LTS), built on Jul 13 2021 17:58:36 by "Administrator" with unknown MS VC++:1916

END.
